proguard/mapping.txt
com.coolmusic.musician.R$styleable -> com.coolmusic.musician.R$styleable:
    int[] ButtonBarContainerTheme -> ButtonBarContainerTheme
    int ButtonBarContainerTheme_buttonBarButtonStyle -> ButtonBarContainerTheme_buttonBarButtonStyle
    int ButtonBarContainerTheme_buttonBarStyle -> ButtonBarContainerTheme_buttonBarStyle
com.coolmusic.musician.SettingDialog -> com.coolmusic.musician.j:
    com.coolmusic.musician.SettingSeekBar mSeekBar -> a
    com.coolmusic.musician.SettingListener l -> b
    android.widget.ToggleButton tb -> c
    android.widget.Button b -> d
    android.widget.Button b1 -> e
    void setL(com.coolmusic.musician.SettingListener) -> a
    void setToggleBoff() -> a
    void onCreate(android.os.Bundle) -> onCreate
    com.coolmusic.musician.SettingListener access$0(com.coolmusic.musician.SettingDialog) -> a
    com.coolmusic.musician.SettingSeekBar access$1(com.coolmusic.musician.SettingDialog) -> b
com.coolmusic.musician.SettingDialog$1 -> com.coolmusic.musician.k:
    com.coolmusic.musician.SettingDialog this$0 -> a
    void onClick(android.view.View) -> onClick
com.coolmusic.musician.SettingDialog$2 -> com.coolmusic.musician.l:
    com.coolmusic.musician.SettingDialog this$0 -> a
    void onClick(android.view.View) -> onClick
com.coolmusic.musician.SettingDialog$3 -> com.coolmusic.musician.m:
    com.coolmusic.musician.SettingDialog this$0 -> a
    void onCheckedChanged(android.widget.CompoundButton,boolean) -> onCheckedChanged
com.coolmusic.musician.SettingDialog$4 -> com.coolmusic.musician.n:
    com.coolmusic.musician.SettingDialog this$0 -> a
    void onProgressChanged(android.widget.SeekBar,int,boolean) -> onProgressChanged
    void onStartTrackingTouch(android.widget.SeekBar) -> onStartTrackingTouch
    void onStopTrackingTouch(android.widget.SeekBar) -> onStopTrackingTouch
com.coolmusic.musician.SettingListener -> com.coolmusic.musician.o:
    void SettingListenerState(int,long) -> a
com.coolmusic.musician.SettingSeekBar -> com.coolmusic.musician.SettingSeekBar:
    android.widget.PopupWindow mPopupWindow -> a
    android.view.LayoutInflater mInflater -> b
    android.view.View mView -> c
    int[] mPosition -> d
    int mThumbWidth -> e
    android.widget.TextView mTvProgress -> f
    void setSeekBarText(java.lang.String) -> a
    boolean onTouchEvent(android.view.MotionEvent) -> onTouchEvent
    void onDraw(android.graphics.Canvas) -> onDraw
com.umeng.analytics.MobclickAgent -> com.umeng.a.a:
    com.umeng.analytics.b a -> a
    com.umeng.analytics.onlineconfig.a b -> b
    void setSessionContinueMillis$1349ef() -> a
    void onPause(android.content.Context) -> a
    void onResume(android.content.Context) -> b
    void onEvent(android.content.Context,java.lang.String) -> a
    void onEventBegin(android.content.Context,java.lang.String) -> b
    void onEventEnd(android.content.Context,java.lang.String) -> c
    void updateOnlineConfig(android.content.Context) -> c
com.umeng.analytics.a -> com.umeng.a.b:
    java.lang.Thread$UncaughtExceptionHandler a -> a
    com.umeng.analytics.h b -> b
    android.content.Context c -> c
    void a(android.content.Context) -> a
    void a(com.umeng.analytics.h) -> a
    void uncaughtException(java.lang.Thread,java.lang.Throwable) -> uncaughtException
com.umeng.analytics.a.a -> com.umeng.a.a.a:
    java.util.HashMap a -> a
    java.lang.String b -> b
    long c -> c
    long d -> d
    java.lang.String e -> e
    java.lang.String f -> f
    java.lang.String g -> g
    void b(org.json.JSONObject) -> a
    boolean a() -> a
com.umeng.analytics.a.b -> com.umeng.a.a.b:
    java.lang.String a -> a
    java.util.ArrayList b -> b
    void b(org.json.JSONObject) -> a
    boolean a() -> a
    void a(com.umeng.analytics.a.b) -> a
com.umeng.analytics.a.c -> com.umeng.a.a.c:
    com.umeng.analytics.a.a a -> a
    com.umeng.analytics.a.b b -> b