proguard/usage.txt
com.umeng.analytics.a.b:
    18:21:public b(java.lang.String,com.umeng.analytics.a.a)
com.umeng.analytics.a.d:
    25:27:public d(java.lang.String)
com.umeng.analytics.a.f:
    92:95:public f(java.lang.String,java.lang.String)
    99:115:private void c(org.json.JSONObject)
    118:126:private void d(org.json.JSONObject)
    129:132:private void e(org.json.JSONObject)
    135:137:private void f(org.json.JSONObject)
    140:143:private void g(org.json.JSONObject)
    146:149:private void h(org.json.JSONObject)
    152:154:private void i(org.json.JSONObject)
    158:168:public void a(org.json.JSONObject)
com.umeng.analytics.a.g:
    public abstract void a(org.json.JSONObject)
com.umeng.analytics.a.h:
    25:26:public void a(com.umeng.analytics.a.o)
    68:76:public org.json.JSONObject b()
com.umeng.analytics.a.i:
    62:74:public void a(java.lang.String,com.umeng.analytics.a.a)
com.umeng.analytics.a.l:
    public static final java.lang.String f
    18:19:public void a(java.lang.String)
com.umeng.analytics.a.m:
    private static final java.lang.String k
    private static final java.lang.String l
    private static final java.lang.String m
com.umeng.analytics.a.o:
    public static final java.lang.String d
    public static final java.lang.String e
    public static final java.lang.String f
    private static final java.lang.String g
com.umeng.analytics.a.p:
    private static final java.lang.String c
    private static final java.lang.String d
com.umeng.analytics.b:
    51:51:void a()
    55:55:void b()
    58:60:void a(java.lang.String,java.lang.String)
    81:94:void a(android.content.Context,java.lang.String)
    97:104:void a(android.content.Context,java.lang.Throwable)
    166:170:void c(android.content.Context)
    199:221:void a(android.content.Context,java.lang.String,java.util.HashMap,long)
    403:408:void a(android.content.Context,java.lang.String,java.lang.String)
    411:421:void b(android.content.Context,java.lang.String,java.lang.String)
    430:449:void a(android.content.Context,java.lang.String,java.util.HashMap,java.lang.String)
    452:467:void c(android.content.Context,java.lang.String,java.lang.String)
    491:503:boolean a(java.util.Map)
    508:512:void d(android.content.Context)
com.umeng.analytics.c:
    38:39:public void a(int)
    66:67:public void a(java.lang.String,java.util.HashMap)
    70:73:public java.util.HashMap c(java.lang.String)
    82:83:public synchronized void a(java.lang.String,java.lang.String,java.util.HashMap,long)
com.umeng.analytics.f:
    public static final java.lang.String a
    public static final java.lang.String b
    public static final java.lang.String c
    static final int e
    static final int f
    static final java.lang.String n
    static final java.lang.String o
    public static final java.lang.String q
    static final java.lang.String u
    static final java.lang.String v
    static final java.lang.String w
    static final java.lang.String x
    static final java.lang.String y
    static final java.lang.String z
    public static final java.lang.String A
    public static final java.lang.String B
    public static final java.lang.String C
    public static final java.lang.String D
    public static final java.lang.String E
    public static final java.lang.String F
    public static final java.lang.String G
    public static final java.lang.String H
    8:8:public f()